01:34:00.286 INFO - Selenium build info: version: '3.4.0', revision: 'unknown'
01:34:00.287 INFO - Launching a standalone Selenium Server
2017-05-11 01:34:00.312:INFO::main: Logging initialized @277ms to org.seleniumhq.jetty9.util.log.StdErrLog
01:34:00.360 INFO - Driver provider org.openqa.selenium.ie.InternetExplorerDriver registration is skipped:
 registration capabilities Capabilities [{ensureCleanSession=true, browserName=internet explorer, version=, platform=WINDOWS}] does not match the current platform MAC
01:34:00.361 INFO - Driver provider org.openqa.selenium.edge.EdgeDriver registration is skipped:
 registration capabilities Capabilities [{browserName=MicrosoftEdge, version=, platform=WINDOWS}] does not match the current platform MAC
01:34:00.361 INFO - Driver class not found: com.opera.core.systems.OperaDriver
01:34:00.361 INFO - Driver provider com.opera.core.systems.OperaDriver registration is skipped:
Unable to create new instances on this machine.
01:34:00.361 INFO - Driver class not found: com.opera.core.systems.OperaDriver
01:34:00.361 INFO - Driver provider com.opera.core.systems.OperaDriver is not registered
2017-05-11 01:34:00.403:INFO:osjs.Server:main: jetty-9.4.3.v20170317
2017-05-11 01:34:00.444:INFO:osjsh.ContextHandler:main: Started o.s.j.s.ServletContextHandler@6f7fd0e6{/,null,AVAILABLE}
2017-05-11 01:34:00.480:INFO:osjs.AbstractConnector:main: Started ServerConnector@42fe5fa9{HTTP/1.1,[http/1.1]}{0.0.0.0:4444}
2017-05-11 01:34:00.481:INFO:osjs.Server:main: Started @446ms
01:34:00.481 INFO - Selenium Server is up and running
01:34:00.745 INFO - SessionCleaner initialized with insideBrowserTimeout 0 and clientGoneTimeout 1800000 polling every 180000
01:34:00.772 INFO - Executing: [new session: Capabilities [{acceptSslCerts=true, name=Simple Test, browserName=chrome, javascriptEnabled=true, platform=ANY}]])
01:34:00.790 INFO - Creating a new session for Capabilities [{acceptSslCerts=true, name=Simple Test, browserName=chrome, javascriptEnabled=true, platform=ANY}]
Starting ChromeDriver 2.29.461585 (0be2cd95f834e9ee7c46bcc7cf405b483f5ae83b) on port 22531
Only local connections are allowed.
01:34:02.156 INFO - Detected dialect: OSS
01:34:02.191 INFO - Done: [new session: Capabilities [{acceptSslCerts=true, name=Simple Test, browserName=chrome, javascriptEnabled=true, platform=ANY}]]
01:34:02.218 INFO - Executing: [get: http://10.200.1.63:3000/])
01:34:03.120 INFO - Done: [get: http://10.200.1.63:3000/]
01:34:03.134 INFO - Executing: [find elements: By.cssSelector: body])
01:34:03.227 INFO - Done: [find elements: By.cssSelector: body]
01:34:03.234 INFO - Executing: [is displayed: 0 [[ChromeDriver: chrome on MAC (76ef3727314629b478d5bfc18c035e3c)] -> css selector: body]])
01:34:03.298 INFO - Done: [is displayed: 0 [[ChromeDriver: chrome on MAC (76ef3727314629b478d5bfc18c035e3c)] -> css selector: body]]
01:34:03.305 INFO - Executing: [find elements: By.cssSelector: button:nth-child(1)])
01:34:03.332 INFO - Done: [find elements: By.cssSelector: button:nth-child(1)]
01:34:03.338 INFO - Executing: [is displayed: 1 [[ChromeDriver: chrome on MAC (76ef3727314629b478d5bfc18c035e3c)] -> css selector: button:nth-child(1)]])
01:34:03.363 INFO - Done: [is displayed: 1 [[ChromeDriver: chrome on MAC (76ef3727314629b478d5bfc18c035e3c)] -> css selector: button:nth-child(1)]]
01:34:03.371 INFO - Executing: [find element: By.cssSelector: button:nth-child(1)])
01:34:03.394 INFO - Done: [find element: By.cssSelector: button:nth-child(1)]
01:34:03.400 INFO - Executing: [click: 1 [[ChromeDriver: chrome on MAC (76ef3727314629b478d5bfc18c035e3c)] -> css selector: button:nth-child(1)]])
01:34:03.486 INFO - Done: [click: 1 [[ChromeDriver: chrome on MAC (76ef3727314629b478d5bfc18c035e3c)] -> css selector: button:nth-child(1)]]
01:34:04.500 INFO - Executing: [take screenshot])
01:34:04.837 INFO - Done: [take screenshot]
01:34:04.859 INFO - Executing: [delete session: ff815910-d090-46b1-a284-21036920b8ea])
01:34:04.989 INFO - Done: [delete session: ff815910-d090-46b1-a284-21036920b8ea]
01:34:05.003 INFO - Executing: [new session: Capabilities [{acceptSslCerts=true, name=Simple Test, browserName=chrome, javascriptEnabled=true, platform=ANY}]])
01:34:05.004 INFO - Creating a new session for Capabilities [{acceptSslCerts=true, name=Simple Test, browserName=chrome, javascriptEnabled=true, platform=ANY}]
Starting ChromeDriver 2.29.461585 (0be2cd95f834e9ee7c46bcc7cf405b483f5ae83b) on port 12926
Only local connections are allowed.
01:34:05.928 INFO - Detected dialect: OSS
01:34:05.930 INFO - Done: [new session: Capabilities [{acceptSslCerts=true, name=Simple Test, browserName=chrome, javascriptEnabled=true, platform=ANY}]]
01:34:05.937 INFO - Executing: [get: http://10.200.1.63:3000/])
01:34:06.727 INFO - Done: [get: http://10.200.1.63:3000/]
01:34:06.741 INFO - Executing: [find elements: By.cssSelector: body])
01:34:06.773 INFO - Done: [find elements: By.cssSelector: body]
01:34:06.777 INFO - Executing: [is displayed: 0 [[ChromeDriver: chrome on MAC (0b126f37253e0397578a016ee74ed3eb)] -> css selector: body]])
01:34:06.801 INFO - Done: [is displayed: 0 [[ChromeDriver: chrome on MAC (0b126f37253e0397578a016ee74ed3eb)] -> css selector: body]]
01:34:06.807 INFO - Executing: [execute script: var passedArgs = Array.prototype.slice.call(arguments,0); return function (selector, value) {
    var element, getElementFromSelector;
    getElementFromSelector = function(selector, options) {
      var elements, section_element, section_selector;
      if (options == null) {
        options = {
          jquery: false
        };
      }
      if (Array.isArray(selector)) {
        section_selector = selector[0];
        selector = selector[1];
        if (options.jquery) {
          return $(section_selector).find(selector);
        } else {
          section_element = document.querySelectorAll(section_selector);
          if (!section_element.length) {
            return null;
          }
          section_element = section_element[0];
          if (options.parent_element) {
            section_element = parent_element;
          }
          elements = section_element.querySelectorAll(selector);
          if (elements.length) {
            if (options.return_all) {
              return elements;
            }
            return elements[0];
          }
        }
      } else {
        if (options.jquery) {
          return $(selector);
        } else {
          elements = document.querySelectorAll(selector);
          if (elements.length) {
            if (options.return_all) {
              return elements;
            }
            return elements[0];
          }
        }
      }
      return null;
    };
    element = getElementFromSelector(selector, {
      jquery: true
    });
    element.val(value);
    element.trigger("change");
    return true;
  }.apply(window, passedArgs);, [.addShoppingItemField:nth-child(1), nightwatch]])
01:34:07.807 WARN - Exception thrown
org.openqa.selenium.WebDriverException: unknown error: $ is not defined
  (Session info: chrome=57.0.2987.133)
  (Driver info: chromedriver=2.29.461585 (0be2cd95f834e9ee7c46bcc7cf405b483f5ae83b),platform=Mac OS X 10.12.4 x86_64) (WARNING: The server did not provide any stacktrace information)
Command duration or timeout: 13 milliseconds
Build info: version: '3.4.0', revision: 'unknown', time: 'unknown'
System info: host: 'wlan-141-23-136-29.tubit.tu-berlin.de', ip: 'fe80:0:0:0:858:5f60:832c:c84e%en0', os.name: 'Mac OS X', os.arch: 'x86_64', os.version: '10.12.4', java.version: '1.8.0_131'
Driver info: org.openqa.selenium.chrome.ChromeDriver
Capabilities [{applicationCacheEnabled=false, rotatable=false, mobileEmulationEnabled=false, networkConnectionEnabled=false, chrome={chromedriverVersion=2.29.461585 (0be2cd95f834e9ee7c46bcc7cf405b483f5ae83b), userDataDir=/var/folders/bs/7lc_4jvd59zcyz8pc5bf2y4r0000gn/T/.org.chromium.Chromium.XiU9Q4}, takesHeapSnapshot=true, pageLoadStrategy=normal, databaseEnabled=false, handlesAlerts=true, hasTouchScreen=false, version=57.0.2987.133, platform=MAC, browserConnectionEnabled=false, nativeEvents=true, acceptSslCerts=true, locationContextEnabled=true, webStorageEnabled=true, browserName=chrome, takesScreenshot=true, javascriptEnabled=true, cssSelectorsEnabled=true, unexpectedAlertBehaviour=}]
Session ID: 0b126f37253e0397578a016ee74ed3eb
	at sun.reflect.NativeConstructorAccessorImpl.newInstance0(Native Method)
	at sun.reflect.NativeConstructorAccessorImpl.newInstance(NativeConstructorAccessorImpl.java:62)
	at sun.reflect.DelegatingConstructorAccessorImpl.newInstance(DelegatingConstructorAccessorImpl.java:45)
	at java.lang.reflect.Constructor.newInstance(Constructor.java:423)
	at org.openqa.selenium.remote.ErrorHandler.createThrowable(ErrorHandler.java:215)
	at org.openqa.selenium.remote.ErrorHandler.throwIfResponseFailed(ErrorHandler.java:167)
	at org.openqa.selenium.remote.RemoteWebDriver.execute(RemoteWebDriver.java:671)
	at org.openqa.selenium.remote.RemoteWebDriver.executeScript(RemoteWebDriver.java:573)
	at sun.reflect.NativeMethodAccessorImpl.invoke0(Native Method)
	at sun.reflect.NativeMethodAccessorImpl.invoke(NativeMethodAccessorImpl.java:62)
	at sun.reflect.DelegatingMethodAccessorImpl.invoke(DelegatingMethodAccessorImpl.java:43)
	at java.lang.reflect.Method.invoke(Method.java:498)
	at org.openqa.selenium.support.events.EventFiringWebDriver$2.invoke(EventFiringWebDriver.java:104)
	at com.sun.proxy.$Proxy4.executeScript(Unknown Source)
	at org.openqa.selenium.support.events.EventFiringWebDriver.executeScript(EventFiringWebDriver.java:217)
	at org.openqa.selenium.remote.server.handler.ExecuteScript.call(ExecuteScript.java:54)
	at java.util.concurrent.FutureTask.run(FutureTask.java:266)
	at org.openqa.selenium.remote.server.DefaultSession$1.run(DefaultSession.java:176)
	at java.util.concurrent.ThreadPoolExecutor.runWorker(ThreadPoolExecutor.java:1142)
	at java.util.concurrent.ThreadPoolExecutor$Worker.run(ThreadPoolExecutor.java:617)
	at java.lang.Thread.run(Thread.java:748)
01:34:07.808 WARN - Exception: unknown error: $ is not defined
  (Session info: chrome=57.0.2987.133)
  (Driver info: chromedriver=2.29.461585 (0be2cd95f834e9ee7c46bcc7cf405b483f5ae83b),platform=Mac OS X 10.12.4 x86_64) (WARNING: The server did not provide any stacktrace information)
Command duration or timeout: 13 milliseconds
Build info: version: '3.4.0', revision: 'unknown', time: 'unknown'
System info: host: 'wlan-141-23-136-29.tubit.tu-berlin.de', ip: 'fe80:0:0:0:858:5f60:832c:c84e%en0', os.name: 'Mac OS X', os.arch: 'x86_64', os.version: '10.12.4', java.version: '1.8.0_131'
Driver info: org.openqa.selenium.chrome.ChromeDriver
Capabilities [{applicationCacheEnabled=false, rotatable=false, mobileEmulationEnabled=false, networkConnectionEnabled=false, chrome={chromedriverVersion=2.29.461585 (0be2cd95f834e9ee7c46bcc7cf405b483f5ae83b), userDataDir=/var/folders/bs/7lc_4jvd59zcyz8pc5bf2y4r0000gn/T/.org.chromium.Chromium.XiU9Q4}, takesHeapSnapshot=true, pageLoadStrategy=normal, databaseEnabled=false, handlesAlerts=true, hasTouchScreen=false, version=57.0.2987.133, platform=MAC, browserConnectionEnabled=false, nativeEvents=true, acceptSslCerts=true, locationContextEnabled=true, webStorageEnabled=true, browserName=chrome, takesScreenshot=true, javascriptEnabled=true, cssSelectorsEnabled=true, unexpectedAlertBehaviour=}]
Session ID: 0b126f37253e0397578a016ee74ed3eb
01:34:08.974 INFO - Executing: [find elements: By.cssSelector: .incrementButtonAddItemBtn:nth-child(1)])
01:34:08.995 INFO - Done: [find elements: By.cssSelector: .incrementButtonAddItemBtn:nth-child(1)]
01:34:09.503 INFO - Executing: [find elements: By.cssSelector: .incrementButtonAddItemBtn:nth-child(1)])
01:34:09.512 INFO - Done: [find elements: By.cssSelector: .incrementButtonAddItemBtn:nth-child(1)]
01:34:10.020 INFO - Executing: [find elements: By.cssSelector: .incrementButtonAddItemBtn:nth-child(1)])
01:34:10.030 INFO - Done: [find elements: By.cssSelector: .incrementButtonAddItemBtn:nth-child(1)]
01:34:10.541 INFO - Executing: [find elements: By.cssSelector: .incrementButtonAddItemBtn:nth-child(1)])
01:34:10.550 INFO - Done: [find elements: By.cssSelector: .incrementButtonAddItemBtn:nth-child(1)]
01:34:11.059 INFO - Executing: [find elements: By.cssSelector: .incrementButtonAddItemBtn:nth-child(1)])
01:34:11.068 INFO - Done: [find elements: By.cssSelector: .incrementButtonAddItemBtn:nth-child(1)]
01:34:11.579 INFO - Executing: [find elements: By.cssSelector: .incrementButtonAddItemBtn:nth-child(1)])
01:34:11.589 INFO - Done: [find elements: By.cssSelector: .incrementButtonAddItemBtn:nth-child(1)]
01:34:12.101 INFO - Executing: [find elements: By.cssSelector: .incrementButtonAddItemBtn:nth-child(1)])
01:34:12.110 INFO - Done: [find elements: By.cssSelector: .incrementButtonAddItemBtn:nth-child(1)]
01:34:12.615 INFO - Executing: [find elements: By.cssSelector: .incrementButtonAddItemBtn:nth-child(1)])
01:34:12.651 INFO - Done: [find elements: By.cssSelector: .incrementButtonAddItemBtn:nth-child(1)]
01:34:13.172 INFO - Executing: [find elements: By.cssSelector: .incrementButtonAddItemBtn:nth-child(1)])
01:34:13.180 INFO - Done: [find elements: By.cssSelector: .incrementButtonAddItemBtn:nth-child(1)]
01:34:13.695 INFO - Executing: [find elements: By.cssSelector: .incrementButtonAddItemBtn:nth-child(1)])
01:34:13.703 INFO - Done: [find elements: By.cssSelector: .incrementButtonAddItemBtn:nth-child(1)]
01:34:14.209 INFO - Executing: [find elements: By.cssSelector: .incrementButtonAddItemBtn:nth-child(1)])
01:34:14.218 INFO - Done: [find elements: By.cssSelector: .incrementButtonAddItemBtn:nth-child(1)]
01:34:14.223 INFO - Executing: [delete session: 3c16c8be-6a1c-4e8f-ba1c-e8f9bd9c8699])
01:34:14.499 INFO - Done: [delete session: 3c16c8be-6a1c-4e8f-ba1c-e8f9bd9c8699]
